# JRE version: OpenJDK Runtime Environment (8.0_192-b01) (build 1.8.0_192-b01)
# Java VM: OpenJDK 64-Bit Server VM (25.192-b01 mixed mode linux-amd64 compressed oops)
Heap:
 PSYoungGen      total 3938304K, used 72609K [0x0000000671d80000, 0x00000007b4a00000, 0x00000007c0000000)
  eden space 3630592K, 1% used [0x0000000671d80000,0x00000006764684d0,0x000000074f700000)
  from space 307712K, 0% used [0x000000074f700000,0x000000074f700000,0x0000000762380000)
  to   space 828928K, 0% used [0x0000000782080000,0x0000000782080000,0x00000007b4a00000)
 ParOldGen       total 6178304K, used 5609867K [0x00000003d5800000, 0x000000054e980000, 0x0000000671d80000)
  object space 6178304K, 90% used [0x00000003d5800000,0x000000052be62ef0,0x000000054e980000)
 Metaspace       used 36390K, capacity 36674K, committed 36992K, reserved 1081344K
  class space    used 4901K, capacity 4988K, committed 4992K, reserved 1048576K
GC Heap History (10 events):
Event: 546.728 GC heap before
{Heap before GC invocations=55 (full 11):
 PSYoungGen      total 4485120K, used 3708223K [0x0000000671d80000, 0x00000007bf180000, 0x00000007c0000000)
  eden space 3527680K, 100% used [0x0000000671d80000,0x0000000749280000,0x0000000749280000)
  from space 957440K, 18% used [0x0000000749280000,0x00000007542cff10,0x0000000783980000)
  to   space 948736K, 0% used [0x0000000785300000,0x0000000785300000,0x00000007bf180000)
 ParOldGen       total 6178304K, used 5308691K [0x00000003d5800000, 0x000000054e980000, 0x0000000671d80000)
  object space 6178304K, 85% used [0x00000003d5800000,0x0000000519844fe0,0x000000054e980000)
 Metaspace       used 36374K, capacity 36606K, committed 36992K, reserved 1081344K
  class space    used 4900K, capacity 4986K, committed 4992K, reserved 1048576K
Event: 547.221 GC heap after
Heap after GC invocations=55 (full 11):
 PSYoungGen      total 4490752K, used 191519K [0x0000000671d80000, 0x00000007bd780000, 0x00000007c0000000)
  eden space 3568640K, 0% used [0x0000000671d80000,0x0000000671d80000,0x000000074ba80000)
  from space 922112K, 20% used [0x0000000785300000,0x0000000790e07f10,0x00000007bd780000)
  to   space 932352K, 0% used [0x000000074ba80000,0x000000074ba80000,0x0000000784900000)
 ParOldGen       total 6178304K, used 5308691K [0x00000003d5800000, 0x000000054e980000, 0x0000000671d80000)
  object space 6178304K, 85% used [0x00000003d5800000,0x0000000519844fe0,0x000000054e980000)
 Metaspace       used 36374K, capacity 36606K, committed 36992K, reserved 1081344K
  class space    used 4900K, capacity 4986K, committed 4992K, reserved 1048576K
}
Event: 553.844 GC heap before
{Heap before GC invocations=56 (full 11):
 PSYoungGen      total 4490752K, used 3760159K [0x0000000671d80000, 0x00000007bd780000, 0x00000007c0000000)
  eden space 3568640K, 100% used [0x0000000671d80000,0x000000074ba80000,0x000000074ba80000)
  from space 922112K, 20% used [0x0000000785300000,0x0000000790e07f10,0x00000007bd780000)
  to   space 932352K, 0% used [0x000000074ba80000,0x000000074ba80000,0x0000000784900000)
 ParOldGen       total 6178304K, used 5308691K [0x00000003d5800000, 0x000000054e980000, 0x0000000671d80000)
  object space 6178304K, 85% used [0x00000003d5800000,0x0000000519844fe0,0x000000054e980000)
 Metaspace       used 36378K, capacity 36670K, committed 36992K, reserved 1081344K
  class space    used 4900K, capacity 4986K, committed 4992K, reserved 1048576K
Event: 554.410 GC heap after
Heap after GC invocations=56 (full 11):
 PSYoungGen      total 4500992K, used 189823K [0x0000000671d80000, 0x00000007be200000, 0x00000007c0000000)
  eden space 3568640K, 0% used [0x0000000671d80000,0x0000000671d80000,0x000000074ba80000)
  from space 932352K, 20% used [0x000000074ba80000,0x00000007573dff10,0x0000000784900000)
  to   space 911872K, 0% used [0x0000000786780000,0x0000000786780000,0x00000007be200000)
 ParOldGen       total 6178304K, used 5308691K [0x00000003d5800000, 0x000000054e980000, 0x0000000671d80000)
  object space 6178304K, 85% used [0x00000003d5800000,0x0000000519844fe0,0x000000054e980000)
 Metaspace       used 36378K, capacity 36670K, committed 36992K, reserved 1081344K
  class space    used 4900K, capacity 4986K, committed 4992K, reserved 1048576K
}
Event: 560.516 GC heap before
{Heap before GC invocations=57 (full 11):
 PSYoungGen      total 4500992K, used 3758463K [0x0000000671d80000, 0x00000007be200000, 0x00000007c0000000)
  eden space 3568640K, 100% used [0x0000000671d80000,0x000000074ba80000,0x000000074ba80000)
  from space 932352K, 20% used [0x000000074ba80000,0x00000007573dff10,0x0000000784900000)
  to   space 911872K, 0% used [0x0000000786780000,0x0000000786780000,0x00000007be200000)
 ParOldGen       total 6178304K, used 5308691K [0x00000003d5800000, 0x000000054e980000, 0x0000000671d80000)
  object space 6178304K, 85% used [0x00000003d5800000,0x0000000519844fe0,0x000000054e980000)
 Metaspace       used 36381K, capacity 36670K, committed 36992K, reserved 1081344K
  class space    used 4900K, capacity 4986K, committed 4992K, reserved 1048576K
Event: 561.382 GC heap after
Heap after GC invocations=57 (full 11):
 PSYoungGen      total 4469760K, used 292991K [0x0000000671d80000, 0x00000007b9b00000, 0x00000007c0000000)
  eden space 3630592K, 0% used [0x0000000671d80000,0x0000000671d80000,0x000000074f700000)
  from space 839168K, 34% used [0x0000000786780000,0x000000079859ff10,0x00000007b9b00000)
  to   space 870400K, 0% used [0x000000074f700000,0x000000074f700000,0x0000000784900000)
 ParOldGen       total 6178304K, used 5308691K [0x00000003d5800000, 0x000000054e980000, 0x0000000671d80000)
  object space 6178304K, 85% used [0x00000003d5800000,0x0000000519844fe0,0x000000054e980000)
 Metaspace       used 36381K, capacity 36670K, committed 36992K, reserved 1081344K
  class space    used 4900K, capacity 4986K, committed 4992K, reserved 1048576K
}
Event: 562.013 GC heap before
{Heap before GC invocations=58 (full 11):
 PSYoungGen      total 4469760K, used 656038K [0x0000000671d80000, 0x00000007b9b00000, 0x00000007c0000000)
  eden space 3630592K, 9% used [0x0000000671d80000,0x0000000688009968,0x000000074f700000)
  from space 839168K, 34% used [0x0000000786780000,0x000000079859ff10,0x00000007b9b00000)
  to   space 870400K, 0% used [0x000000074f700000,0x000000074f700000,0x0000000784900000)
 ParOldGen       total 6178304K, used 5308691K [0x00000003d5800000, 0x000000054e980000, 0x0000000671d80000)
  object space 6178304K, 85% used [0x00000003d5800000,0x0000000519844fe0,0x000000054e980000)
 Metaspace       used 36381K, capacity 36670K, committed 36992K, reserved 1081344K
  class space    used 4900K, capacity 4986K, committed 4992K, reserved 1048576K
Event: 563.189 GC heap after
Heap after GC invocations=58 (full 11):
 PSYoungGen      total 3938304K, used 307456K [0x0000000671d80000, 0x00000007b4a00000, 0x00000007c0000000)
  eden space 3630592K, 0% used [0x0000000671d80000,0x0000000671d80000,0x000000074f700000)
  from space 307712K, 99% used [0x000000074f700000,0x0000000762340000,0x0000000762380000)
  to   space 828928K, 0% used [0x0000000782080000,0x0000000782080000,0x00000007b4a00000)
 ParOldGen       total 6178304K, used 5308691K [0x00000003d5800000, 0x000000054e980000, 0x0000000671d80000)
  object space 6178304K, 85% used [0x00000003d5800000,0x0000000519844fe0,0x000000054e980000)
 Metaspace       used 36381K, capacity 36670K, committed 36992K, reserved 1081344K
  class space    used 4900K, capacity 4986K, committed 4992K, reserved 1048576K
}
Event: 563.190 GC heap before
{Heap before GC invocations=59 (full 12):
 PSYoungGen      total 3938304K, used 307456K [0x0000000671d80000, 0x00000007b4a00000, 0x00000007c0000000)
  eden space 3630592K, 0% used [0x0000000671d80000,0x0000000671d80000,0x000000074f700000)
  from space 307712K, 99% used [0x000000074f700000,0x0000000762340000,0x0000000762380000)
  to   space 828928K, 0% used [0x0000000782080000,0x0000000782080000,0x00000007b4a00000)
 ParOldGen       total 6178304K, used 5308691K [0x00000003d5800000, 0x000000054e980000, 0x0000000671d80000)
  object space 6178304K, 85% used [0x00000003d5800000,0x0000000519844fe0,0x000000054e980000)
 Metaspace       used 36381K, capacity 36670K, committed 36992K, reserved 1081344K
  class space    used 4900K, capacity 4986K, committed 4992K, reserved 1048576K
Event: 593.097 GC heap after
Heap after GC invocations=59 (full 12):
 PSYoungGen      total 3938304K, used 0K [0x0000000671d80000, 0x00000007b4a00000, 0x00000007c0000000)
  eden space 3630592K, 0% used [0x0000000671d80000,0x0000000671d80000,0x000000074f700000)
  from space 307712K, 0% used [0x000000074f700000,0x000000074f700000,0x0000000762380000)
  to   space 828928K, 0% used [0x0000000782080000,0x0000000782080000,0x00000007b4a00000)
 ParOldGen       total 6178304K, used 5609867K [0x00000003d5800000, 0x000000054e980000, 0x0000000671d80000)
  object space 6178304K, 90% used [0x00000003d5800000,0x000000052be62ef0,0x000000054e980000)
 Metaspace       used 36381K, capacity 36670K, committed 36992K, reserved 1081344K
  class space    used 4900K, capacity 4986K, committed 4992K, reserved 1048576K
}

