# JRE version: OpenJDK Runtime Environment (8.0_192-b01) (build 1.8.0_192-b01)
# Java VM: OpenJDK 64-Bit Server VM (25.192-b01 mixed mode linux-amd64 compressed oops)
Heap:
 PSYoungGen      total 4262400K, used 0K [0x0000000671d80000, 0x00000007c0000000, 0x00000007c0000000)
  eden space 3182592K, 0% used [0x0000000671d80000,0x0000000671d80000,0x0000000734180000)
  from space 1079808K, 0% used [0x0000000734180000,0x0000000734180000,0x0000000776000000)
  to   space 1054720K, 0% used [0x000000077fa00000,0x000000077fa00000,0x00000007c0000000)
 ParOldGen       total 5659648K, used 5635004K [0x00000003d5800000, 0x000000052ef00000, 0x0000000671d80000)
  object space 5659648K, 99% used [0x00000003d5800000,0x000000052d6ef350,0x000000052ef00000)
 Metaspace       used 36368K, capacity 36606K, committed 36992K, reserved 1081344K
  class space    used 4900K, capacity 4986K, committed 4992K, reserved 1048576K
GC Heap History (10 events):
Event: 453.070 GC heap after
Heap after GC invocations=50 (full 7):
 PSYoungGen      total 4372992K, used 851583K [0x0000000671d80000, 0x00000007c0000000, 0x00000007c0000000)
  eden space 3521024K, 0% used [0x0000000671d80000,0x0000000671d80000,0x0000000748c00000)
  from space 851968K, 99% used [0x0000000748c00000,0x000000077cb9ff10,0x000000077cc00000)
  to   space 1083904K, 0% used [0x000000077dd80000,0x000000077dd80000,0x00000007c0000000)
 ParOldGen       total 5659648K, used 4195567K [0x00000003d5800000, 0x000000052ef00000, 0x0000000671d80000)
  object space 5659648K, 74% used [0x00000003d5800000,0x00000004d593bf70,0x000000052ef00000)
 Metaspace       used 36367K, capacity 36606K, committed 36992K, reserved 1081344K
  class space    used 4900K, capacity 4986K, committed 4992K, reserved 1048576K
}
Event: 458.237 GC heap before
{Heap before GC invocations=51 (full 7):
 PSYoungGen      total 4372992K, used 4372607K [0x0000000671d80000, 0x00000007c0000000, 0x00000007c0000000)
  eden space 3521024K, 100% used [0x0000000671d80000,0x0000000748c00000,0x0000000748c00000)
  from space 851968K, 99% used [0x0000000748c00000,0x000000077cb9ff10,0x000000077cc00000)
  to   space 1083904K, 0% used [0x000000077dd80000,0x000000077dd80000,0x00000007c0000000)
 ParOldGen       total 5659648K, used 4195567K [0x00000003d5800000, 0x000000052ef00000, 0x0000000671d80000)
  object space 5659648K, 74% used [0x00000003d5800000,0x00000004d593bf70,0x000000052ef00000)
 Metaspace       used 36367K, capacity 36606K, committed 36992K, reserved 1081344K
  class space    used 4900K, capacity 4986K, committed 4992K, reserved 1048576K
Event: 460.899 GC heap after
Heap after GC invocations=51 (full 7):
 PSYoungGen      total 4241408K, used 823839K [0x0000000671d80000, 0x00000007c0000000, 0x00000007c0000000)
  eden space 3157504K, 0% used [0x0000000671d80000,0x0000000671d80000,0x0000000732900000)
  from space 1083904K, 76% used [0x000000077dd80000,0x00000007b0207f10,0x00000007c0000000)
  to   space 1158656K, 0% used [0x0000000732900000,0x0000000732900000,0x0000000779480000)
 ParOldGen       total 5659648K, used 4366711K [0x00000003d5800000, 0x000000052ef00000, 0x0000000671d80000)
  object space 5659648K, 77% used [0x00000003d5800000,0x00000004e005df70,0x000000052ef00000)
 Metaspace       used 36367K, capacity 36606K, committed 36992K, reserved 1081344K
  class space    used 4900K, capacity 4986K, committed 4992K, reserved 1048576K
}
Event: 465.605 GC heap before
{Heap before GC invocations=52 (full 7):
 PSYoungGen      total 4241408K, used 3981343K [0x0000000671d80000, 0x00000007c0000000, 0x00000007c0000000)
  eden space 3157504K, 100% used [0x0000000671d80000,0x0000000732900000,0x0000000732900000)
  from space 1083904K, 76% used [0x000000077dd80000,0x00000007b0207f10,0x00000007c0000000)
  to   space 1158656K, 0% used [0x0000000732900000,0x0000000732900000,0x0000000779480000)
 ParOldGen       total 5659648K, used 4366711K [0x00000003d5800000, 0x000000052ef00000, 0x0000000671d80000)
  object space 5659648K, 77% used [0x00000003d5800000,0x00000004e005df70,0x000000052ef00000)
 Metaspace       used 36367K, capacity 36606K, committed 36992K, reserved 1081344K
  class space    used 4900K, capacity 4986K, committed 4992K, reserved 1048576K
Event: 468.414 GC heap after
Heap after GC invocations=52 (full 7):
 PSYoungGen      total 4316160K, used 602623K [0x0000000671d80000, 0x00000007c0000000, 0x00000007c0000000)
  eden space 3157504K, 0% used [0x0000000671d80000,0x0000000671d80000,0x0000000732900000)
  from space 1158656K, 52% used [0x0000000732900000,0x000000075757ff10,0x0000000779480000)
  to   space 1133568K, 0% used [0x000000077ad00000,0x000000077ad00000,0x00000007c0000000)
 ParOldGen       total 5659648K, used 4742575K [0x00000003d5800000, 0x000000052ef00000, 0x0000000671d80000)
  object space 5659648K, 83% used [0x00000003d5800000,0x00000004f6f6bf70,0x000000052ef00000)
 Metaspace       used 36367K, capacity 36606K, committed 36992K, reserved 1081344K
  class space    used 4900K, capacity 4986K, committed 4992K, reserved 1048576K
}
Event: 473.419 GC heap before
{Heap before GC invocations=53 (full 7):
 PSYoungGen      total 4316160K, used 3760127K [0x0000000671d80000, 0x00000007c0000000, 0x00000007c0000000)
  eden space 3157504K, 100% used [0x0000000671d80000,0x0000000732900000,0x0000000732900000)
  from space 1158656K, 52% used [0x0000000732900000,0x000000075757ff10,0x0000000779480000)
  to   space 1133568K, 0% used [0x000000077ad00000,0x000000077ad00000,0x00000007c0000000)
 ParOldGen       total 5659648K, used 4742575K [0x00000003d5800000, 0x000000052ef00000, 0x0000000671d80000)
  object space 5659648K, 83% used [0x00000003d5800000,0x00000004f6f6bf70,0x000000052ef00000)
 Metaspace       used 36367K, capacity 36606K, committed 36992K, reserved 1081344K
  class space    used 4900K, capacity 4986K, committed 4992K, reserved 1048576K
Event: 475.500 GC heap after
Heap after GC invocations=53 (full 7):
 PSYoungGen      total 4183552K, used 445535K [0x0000000671d80000, 0x00000007b7e80000, 0x00000007c0000000)
  eden space 3182592K, 0% used [0x0000000671d80000,0x0000000671d80000,0x0000000734180000)
  from space 1000960K, 44% used [0x000000077ad00000,0x0000000796017f10,0x00000007b7e80000)
  to   space 1079808K, 0% used [0x0000000734180000,0x0000000734180000,0x0000000776000000)
 ParOldGen       total 5659648K, used 5050807K [0x00000003d5800000, 0x000000052ef00000, 0x0000000671d80000)
  object space 5659648K, 89% used [0x00000003d5800000,0x0000000509c6df70,0x000000052ef00000)
 Metaspace       used 36367K, capacity 36606K, committed 36992K, reserved 1081344K
  class space    used 4900K, capacity 4986K, committed 4992K, reserved 1048576K
}
Event: 480.675 GC heap before
{Heap before GC invocations=54 (full 7):
 PSYoungGen      total 4183552K, used 3628127K [0x0000000671d80000, 0x00000007b7e80000, 0x00000007c0000000)
  eden space 3182592K, 100% used [0x0000000671d80000,0x0000000734180000,0x0000000734180000)
  from space 1000960K, 44% used [0x000000077ad00000,0x0000000796017f10,0x00000007b7e80000)
  to   space 1079808K, 0% used [0x0000000734180000,0x0000000734180000,0x0000000776000000)
 ParOldGen       total 5659648K, used 5050807K [0x00000003d5800000, 0x000000052ef00000, 0x0000000671d80000)
  object space 5659648K, 89% used [0x00000003d5800000,0x0000000509c6df70,0x000000052ef00000)
 Metaspace       used 36368K, capacity 36606K, committed 36992K, reserved 1081344K
  class space    used 4900K, capacity 4986K, committed 4992K, reserved 1048576K
Event: 482.849 GC heap after
Heap after GC invocations=54 (full 7):
 PSYoungGen      total 4262400K, used 298911K [0x0000000671d80000, 0x00000007c0000000, 0x00000007c0000000)
  eden space 3182592K, 0% used [0x0000000671d80000,0x0000000671d80000,0x0000000734180000)
  from space 1079808K, 27% used [0x0000000734180000,0x0000000746567f10,0x0000000776000000)
  to   space 1054720K, 0% used [0x000000077fa00000,0x000000077fa00000,0x00000007c0000000)
 ParOldGen       total 5659648K, used 5346223K [0x00000003d5800000, 0x000000052ef00000, 0x0000000671d80000)
  object space 5659648K, 94% used [0x00000003d5800000,0x000000051bcebf70,0x000000052ef00000)
 Metaspace       used 36368K, capacity 36606K, committed 36992K, reserved 1081344K
  class space    used 4900K, capacity 4986K, committed 4992K, reserved 1048576K
}
Event: 482.850 GC heap before
{Heap before GC invocations=55 (full 8):
 PSYoungGen      total 4262400K, used 298911K [0x0000000671d80000, 0x00000007c0000000, 0x00000007c0000000)
  eden space 3182592K, 0% used [0x0000000671d80000,0x0000000671d80000,0x0000000734180000)
  from space 1079808K, 27% used [0x0000000734180000,0x0000000746567f10,0x0000000776000000)
  to   space 1054720K, 0% used [0x000000077fa00000,0x000000077fa00000,0x00000007c0000000)
 ParOldGen       total 5659648K, used 5346223K [0x00000003d5800000, 0x000000052ef00000, 0x0000000671d80000)
  object space 5659648K, 94% used [0x00000003d5800000,0x000000051bcebf70,0x000000052ef00000)
 Metaspace       used 36368K, capacity 36606K, committed 36992K, reserved 1081344K
  class space    used 4900K, capacity 4986K, committed 4992K, reserved 1048576K

